This file contains any messages produced by compilers while
running configure, to aid debugging if configure makes a mistake.

It was created by RISC-V Proxy Kernel configure ?, which was
generated by GNU Autoconf 2.69.  Invocation command line was

  $ ../configure --enable-sm --disable-pk --prefix=/home/ghaniyoun/riscv-pk-keystone-install-xiangshan --host=riscv64-unknown-elf

## --------- ##
## Platform. ##
## --------- ##

hostname = arch12.cse.ohio-state.edu
uname -m = x86_64
uname -r = 3.10.0-1160.6.1.el7.x86_64
uname -s = Linux
uname -v = #1 SMP Wed Oct 21 13:44:38 EDT 2020

/usr/bin/uname -p = x86_64
/bin/uname -X     = unknown

/bin/arch              = x86_64
/usr/bin/arch -k       = unknown
/usr/convex/getsysinfo = unknown
/usr/bin/hostinfo      = unknown
/bin/machine           = unknown
/usr/bin/oslevel       = unknown
/bin/universe          = unknown

PATH: /home/ghaniyoun/ghan/chipyard/scripts/riscv-tools-install/bin
PATH: /home/ghaniyoun/tools/sbt//bin
PATH: /home/ghaniyoun/tools/jdk-11.0.5+10//bin
PATH: /home/ghaniyoun/bin
PATH: /usr/local/bin
PATH: /usr/bin
PATH: /usr/local/sbin
PATH: /usr/sbin


## ----------- ##
## Core tests. ##
## ----------- ##

configure:1983: checking build system type
configure:1997: result: x86_64-pc-linux-gnu
configure:2017: checking host system type
configure:2030: result: riscv64-unknown-elf
configure:2063: checking for riscv64-unknown-elf-gcc
configure:2079: found /home/ghaniyoun/ghan/chipyard/scripts/riscv-tools-install/bin/riscv64-unknown-elf-gcc
configure:2090: result: riscv64-unknown-elf-gcc
configure:2359: checking for C compiler version
configure:2368: riscv64-unknown-elf-gcc --version >&5
riscv64-unknown-elf-gcc (GCC) 9.2.0
Copyright (C) 2019 Free Software Foundation, Inc.
This is free software; see the source for copying conditions.  There is NO
warranty; not even for MERCHANTABILITY or FITNESS FOR A PARTICULAR PURPOSE.

configure:2379: $? = 0
configure:2368: riscv64-unknown-elf-gcc -v >&5
Using built-in specs.
COLLECT_GCC=riscv64-unknown-elf-gcc
COLLECT_LTO_WRAPPER=/home/ghaniyoun/ghan/chipyard/scripts/riscv-tools-install/libexec/gcc/riscv64-unknown-elf/9.2.0/lto-wrapper
Target: riscv64-unknown-elf
Configured with: /home/ghaniyoun/ghan/chipyard/toolchains/riscv-tools/riscv-gnu-toolchain/build/../riscv-gcc/configure --target=riscv64-unknown-elf --prefix=/home/ghaniyoun/ghan/chipyard/scripts/riscv-tools-install --disable-shared --disable-threads --enable-languages=c,c++ --with-system-zlib --enable-tls --with-newlib --with-sysroot=/home/ghaniyoun/ghan/chipyard/scripts/riscv-tools-install/riscv64-unknown-elf --with-native-system-header-dir=/include --disable-libmudflap --disable-libssp --disable-libquadmath --disable-libgomp --disable-nls --disable-tm-clone-registry --src=../../riscv-gcc --enable-checking=yes --disable-multilib --with-abi=lp64d --with-arch=rv64imafdc --with-tune=rocket 'CFLAGS_FOR_TARGET=-Os  -mcmodel=medany' 'CXXFLAGS_FOR_TARGET=-Os  -mcmodel=medany'
Thread model: single
gcc version 9.2.0 (GCC) 
configure:2379: $? = 0
configure:2368: riscv64-unknown-elf-gcc -V >&5
riscv64-unknown-elf-gcc: error: unrecognized command line option '-V'
riscv64-unknown-elf-gcc: fatal error: no input files
compilation terminated.
configure:2379: $? = 1
configure:2368: riscv64-unknown-elf-gcc -qversion >&5
riscv64-unknown-elf-gcc: error: unrecognized command line option '-qversion'; did you mean '--version'?
riscv64-unknown-elf-gcc: fatal error: no input files
compilation terminated.
configure:2379: $? = 1
configure:2399: checking whether the C compiler works
configure:2421: riscv64-unknown-elf-gcc    conftest.c  >&5
configure:2425: $? = 0
configure:2473: result: yes
configure:2476: checking for C compiler default output file name
configure:2478: result: a.out
configure:2484: checking for suffix of executables
configure:2491: riscv64-unknown-elf-gcc -o conftest    conftest.c  >&5
configure:2495: $? = 0
configure:2517: result: 
configure:2539: checking whether we are cross compiling
configure:2547: riscv64-unknown-elf-gcc -o conftest    conftest.c  >&5
configure:2551: $? = 0
configure:2558: ./conftest
../configure: line 2560: ./conftest: cannot execute binary file
configure:2562: $? = 126
configure:2577: result: yes
configure:2582: checking for suffix of object files
configure:2604: riscv64-unknown-elf-gcc -c   conftest.c >&5
configure:2608: $? = 0
configure:2629: result: o
configure:2633: checking whether we are using the GNU C compiler
configure:2652: riscv64-unknown-elf-gcc -c   conftest.c >&5
configure:2652: $? = 0
configure:2661: result: yes
configure:2670: checking whether riscv64-unknown-elf-gcc accepts -g
configure:2690: riscv64-unknown-elf-gcc -c -g  conftest.c >&5
configure:2690: $? = 0
configure:2731: result: yes
configure:2748: checking for riscv64-unknown-elf-gcc option to accept ISO C89
configure:2811: riscv64-unknown-elf-gcc  -c -g -O2  conftest.c >&5
configure:2811: $? = 0
configure:2824: result: none needed
configure:2858: checking for riscv64-unknown-elf-g++
configure:2874: found /home/ghaniyoun/ghan/chipyard/scripts/riscv-tools-install/bin/riscv64-unknown-elf-g++
configure:2885: result: riscv64-unknown-elf-g++
configure:2956: checking for C++ compiler version
configure:2965: riscv64-unknown-elf-g++ --version >&5
riscv64-unknown-elf-g++ (GCC) 9.2.0
Copyright (C) 2019 Free Software Foundation, Inc.
This is free software; see the source for copying conditions.  There is NO
warranty; not even for MERCHANTABILITY or FITNESS FOR A PARTICULAR PURPOSE.

configure:2976: $? = 0
configure:2965: riscv64-unknown-elf-g++ -v >&5
Using built-in specs.
COLLECT_GCC=riscv64-unknown-elf-g++
COLLECT_LTO_WRAPPER=/home/ghaniyoun/ghan/chipyard/scripts/riscv-tools-install/libexec/gcc/riscv64-unknown-elf/9.2.0/lto-wrapper
Target: riscv64-unknown-elf
Configured with: /home/ghaniyoun/ghan/chipyard/toolchains/riscv-tools/riscv-gnu-toolchain/build/../riscv-gcc/configure --target=riscv64-unknown-elf --prefix=/home/ghaniyoun/ghan/chipyard/scripts/riscv-tools-install --disable-shared --disable-threads --enable-languages=c,c++ --with-system-zlib --enable-tls --with-newlib --with-sysroot=/home/ghaniyoun/ghan/chipyard/scripts/riscv-tools-install/riscv64-unknown-elf --with-native-system-header-dir=/include --disable-libmudflap --disable-libssp --disable-libquadmath --disable-libgomp --disable-nls --disable-tm-clone-registry --src=../../riscv-gcc --enable-checking=yes --disable-multilib --with-abi=lp64d --with-arch=rv64imafdc --with-tune=rocket 'CFLAGS_FOR_TARGET=-Os  -mcmodel=medany' 'CXXFLAGS_FOR_TARGET=-Os  -mcmodel=medany'
Thread model: single
gcc version 9.2.0 (GCC) 
configure:2976: $? = 0
configure:2965: riscv64-unknown-elf-g++ -V >&5
riscv64-unknown-elf-g++: error: unrecognized command line option '-V'
riscv64-unknown-elf-g++: fatal error: no input files
compilation terminated.
configure:2976: $? = 1
configure:2965: riscv64-unknown-elf-g++ -qversion >&5
riscv64-unknown-elf-g++: error: unrecognized command line option '-qversion'; did you mean '--version'?
riscv64-unknown-elf-g++: fatal error: no input files
compilation terminated.
configure:2976: $? = 1
configure:2980: checking whether we are using the GNU C++ compiler
configure:2999: riscv64-unknown-elf-g++ -c   conftest.cpp >&5
configure:2999: $? = 0
configure:3008: result: yes
configure:3017: checking whether riscv64-unknown-elf-g++ accepts -g
configure:3037: riscv64-unknown-elf-g++ -c -g  conftest.cpp >&5
configure:3037: $? = 0
configure:3078: result: yes
configure:3104: checking for riscv64-unknown-elf-ar
configure:3120: found /home/ghaniyoun/ghan/chipyard/scripts/riscv-tools-install/bin/riscv64-unknown-elf-ar
configure:3131: result: riscv64-unknown-elf-ar
configure:3196: checking for riscv64-unknown-elf-ranlib
configure:3212: found /home/ghaniyoun/ghan/chipyard/scripts/riscv-tools-install/bin/riscv64-unknown-elf-ranlib
configure:3223: result: riscv64-unknown-elf-ranlib
configure:3288: checking for riscv64-unknown-elf-readelf
configure:3304: found /home/ghaniyoun/ghan/chipyard/scripts/riscv-tools-install/bin/riscv64-unknown-elf-readelf
configure:3315: result: riscv64-unknown-elf-readelf
configure:3380: checking for riscv64-unknown-elf-objcopy
configure:3396: found /home/ghaniyoun/ghan/chipyard/scripts/riscv-tools-install/bin/riscv64-unknown-elf-objcopy
configure:3407: result: riscv64-unknown-elf-objcopy
configure:3491: checking for a BSD-compatible install
configure:3559: result: /usr/bin/install -c
configure:3700: checking how to run the C preprocessor
configure:3731: riscv64-unknown-elf-gcc -E  conftest.c
configure:3731: $? = 0
configure:3745: riscv64-unknown-elf-gcc -E  conftest.c
conftest.c:9:10: fatal error: ac_nonexistent.h: No such file or directory
    9 | #include <ac_nonexistent.h>
      |          ^~~~~~~~~~~~~~~~~~
compilation terminated.
configure:3745: $? = 1
configure: failed program was:
| /* confdefs.h */
| #define PACKAGE_NAME "RISC-V Proxy Kernel"
| #define PACKAGE_TARNAME "riscv-pk"
| #define PACKAGE_VERSION "?"
| #define PACKAGE_STRING "RISC-V Proxy Kernel ?"
| #define PACKAGE_BUGREPORT "Andrew Waterman"
| #define PACKAGE_URL ""
| /* end confdefs.h.  */
| #include <ac_nonexistent.h>
configure:3770: result: riscv64-unknown-elf-gcc -E
configure:3790: riscv64-unknown-elf-gcc -E  conftest.c
configure:3790: $? = 0
configure:3804: riscv64-unknown-elf-gcc -E  conftest.c
conftest.c:9:10: fatal error: ac_nonexistent.h: No such file or directory
    9 | #include <ac_nonexistent.h>
      |          ^~~~~~~~~~~~~~~~~~
compilation terminated.
configure:3804: $? = 1
configure: failed program was:
| /* confdefs.h */
| #define PACKAGE_NAME "RISC-V Proxy Kernel"
| #define PACKAGE_TARNAME "riscv-pk"
| #define PACKAGE_VERSION "?"
| #define PACKAGE_STRING "RISC-V Proxy Kernel ?"
| #define PACKAGE_BUGREPORT "Andrew Waterman"
| #define PACKAGE_URL ""
| /* end confdefs.h.  */
| #include <ac_nonexistent.h>
configure:3833: checking for grep that handles long lines and -e
configure:3891: result: /usr/bin/grep
configure:3896: checking for egrep
configure:3958: result: /usr/bin/grep -E
configure:3963: checking for ANSI C header files
configure:3983: riscv64-unknown-elf-gcc -c -g -O2  conftest.c >&5
configure:3983: $? = 0
configure:4067: result: yes
configure:4208: configuring default subproject : pk
configure:4266: configuring default subproject : bbl
configure:4354: configuring optional subproject : sm
configure:4516: processing optional subproject : sm_rs
configure:4563: configuring default subproject : dummy_payload
configure:4609: configuring default subproject : machine
configure:4667: configuring default subproject : util
configure:4820: creating ./config.status

## ---------------------- ##
## Running config.status. ##
## ---------------------- ##

This file was extended by RISC-V Proxy Kernel config.status ?, which was
generated by GNU Autoconf 2.69.  Invocation command line was

  CONFIG_FILES    = 
  CONFIG_HEADERS  = 
  CONFIG_LINKS    = 
  CONFIG_COMMANDS = 
  $ ./config.status 

on arch12.cse.ohio-state.edu

config.status:835: creating pk.mk
config.status:835: creating bbl.mk
config.status:835: creating sm.mk
config.status:835: creating dummy_payload.mk
config.status:835: creating machine.mk
config.status:835: creating util.mk
config.status:835: creating Makefile
config.status:835: creating config.h
configure:5987: WARNING: unrecognized options: --disable-pk

## ---------------- ##
## Cache variables. ##
## ---------------- ##

ac_cv_build=x86_64-pc-linux-gnu
ac_cv_c_compiler_gnu=yes
ac_cv_cxx_compiler_gnu=yes
ac_cv_env_CCC_set=
ac_cv_env_CCC_value=
ac_cv_env_CC_set=
ac_cv_env_CC_value=
ac_cv_env_CFLAGS_set=
ac_cv_env_CFLAGS_value=
ac_cv_env_CPPFLAGS_set=
ac_cv_env_CPPFLAGS_value=
ac_cv_env_CPP_set=
ac_cv_env_CPP_value=
ac_cv_env_CXXFLAGS_set=
ac_cv_env_CXXFLAGS_value=
ac_cv_env_CXX_set=
ac_cv_env_CXX_value=
ac_cv_env_LDFLAGS_set=
ac_cv_env_LDFLAGS_value=
ac_cv_env_LIBS_set=
ac_cv_env_LIBS_value=
ac_cv_env_RISCV_set=set
ac_cv_env_RISCV_value=/home/ghaniyoun/ghan/chipyard/scripts/riscv-tools-install
ac_cv_env_STOW_PREFIX_set=
ac_cv_env_STOW_PREFIX_value=
ac_cv_env_STOW_ROOT_set=
ac_cv_env_STOW_ROOT_value=
ac_cv_env_build_alias_set=
ac_cv_env_build_alias_value=
ac_cv_env_host_alias_set=set
ac_cv_env_host_alias_value=riscv64-unknown-elf
ac_cv_env_target_alias_set=
ac_cv_env_target_alias_value=
ac_cv_header_stdc=yes
ac_cv_host=riscv64-unknown-elf
ac_cv_objext=o
ac_cv_path_EGREP='/usr/bin/grep -E'
ac_cv_path_GREP=/usr/bin/grep
ac_cv_path_install='/usr/bin/install -c'
ac_cv_prog_AR=riscv64-unknown-elf-ar
ac_cv_prog_CC=riscv64-unknown-elf-gcc
ac_cv_prog_CPP='riscv64-unknown-elf-gcc -E'
ac_cv_prog_CXX=riscv64-unknown-elf-g++
ac_cv_prog_OBJCOPY=riscv64-unknown-elf-objcopy
ac_cv_prog_RANLIB=riscv64-unknown-elf-ranlib
ac_cv_prog_READELF=riscv64-unknown-elf-readelf
ac_cv_prog_cc_c89=
ac_cv_prog_cc_g=yes
ac_cv_prog_cxx_g=yes

## ----------------- ##
## Output variables. ##
## ----------------- ##

AR='riscv64-unknown-elf-ar'
BBL_LOGO_FILE='riscv_logo.txt'
BBL_PAYLOAD='dummy_payload'
CC='riscv64-unknown-elf-gcc'
CFLAGS='-Wall -Werror -D__NO_INLINE__ -mcmodel=medany -std=gnu99 -Wno-unused -Wno-attributes -fno-delete-null-pointer-checks -fno-strict-aliasing -O0'
CPP='riscv64-unknown-elf-gcc -E'
CPPFLAGS=''
CXX='riscv64-unknown-elf-g++'
CXXFLAGS='-g -O2'
DEFS='-DHAVE_CONFIG_H'
ECHO_C=''
ECHO_N='-n'
ECHO_T=''
EGREP='/usr/bin/grep -E'
EXEEXT=''
GREP='/usr/bin/grep'
INSTALL_DATA='${INSTALL} -m 644'
INSTALL_PROGRAM='${INSTALL}'
INSTALL_SCRIPT='${INSTALL}'
LDFLAGS=' -Wl,--build-id=none'
LIBOBJS=''
LIBS='-lgcc'
LTLIBOBJS=''
OBJCOPY='riscv64-unknown-elf-objcopy'
OBJEXT='o'
PACKAGE_BUGREPORT='Andrew Waterman'
PACKAGE_NAME='RISC-V Proxy Kernel'
PACKAGE_STRING='RISC-V Proxy Kernel ?'
PACKAGE_TARNAME='riscv-pk'
PACKAGE_URL=''
PACKAGE_VERSION='?'
PATH_SEPARATOR=':'
RANLIB='riscv64-unknown-elf-ranlib'
READELF='riscv64-unknown-elf-readelf'
RISCV='/home/ghaniyoun/ghan/chipyard/scripts/riscv-tools-install'
RUST_OPT='debug'
SHELL='/bin/sh'
STOW_PREFIX=''
STOW_ROOT=''
TARGET_PLATFORM='default'
ac_ct_CC=''
ac_ct_CXX=''
bindir='${exec_prefix}/bin'
build='x86_64-pc-linux-gnu'
build_alias=''
build_cpu='x86_64'
build_os='linux-gnu'
build_vendor='pc'
datadir='${datarootdir}'
datarootdir='${prefix}/share'
docdir='${datarootdir}/doc/${PACKAGE_TARNAME}'
dvidir='${docdir}'
enable_stow='no'
exec_prefix='${prefix}'
host='riscv64-unknown-elf'
host_alias='riscv64-unknown-elf'
host_cpu='riscv64'
host_os='elf'
host_vendor='unknown'
htmldir='${docdir}'
includedir='${prefix}/include'
infodir='${datarootdir}/info'
install_subdir='riscv64-unknown-elf'
libdir='${exec_prefix}/lib'
libexecdir='${exec_prefix}/libexec'
localedir='${datarootdir}/locale'
localstatedir='${prefix}/var'
mandir='${datarootdir}/man'
oldincludedir='/usr/include'
pdfdir='${docdir}'
prefix='/home/ghaniyoun/riscv-pk-keystone-install-xiangshan'
program_transform_name='s,x,x,'
psdir='${docdir}'
runstatedir='${localstatedir}/run'
sbindir='${exec_prefix}/sbin'
sharedstatedir='${prefix}/com'
stow=''
subprojects=' pk bbl sm sm_rs dummy_payload machine util'
subprojects_enabled=' pk bbl sm dummy_payload machine util'
sysconfdir='${prefix}/etc'
target_alias=''

## ----------- ##
## confdefs.h. ##
## ----------- ##

/* confdefs.h */
#define PACKAGE_NAME "RISC-V Proxy Kernel"
#define PACKAGE_TARNAME "riscv-pk"
#define PACKAGE_VERSION "?"
#define PACKAGE_STRING "RISC-V Proxy Kernel ?"
#define PACKAGE_BUGREPORT "Andrew Waterman"
#define PACKAGE_URL ""
#define STDC_HEADERS 1
#define PK_ENABLED /**/
#define PK_ENABLE_VM /**/
#define BBL_ENABLED /**/
#define SM_ENABLED /**/
#define DUMMY_PAYLOAD_ENABLED /**/
#define MACHINE_ENABLED /**/
#define PK_ENABLE_FP_EMULATION /**/
#define UTIL_ENABLED /**/

configure: exit 0
